<?xml version="1.0" encoding="UTF-8"?>
<testsuite name="DemoTest" tests="12" skipped="0" failures="0" errors="0" timestamp="2020-07-14T17:28:13" hostname="Pathaos-Air-2" time="0.028">
  <properties/>
  <testcase name="test_is_not_triangle_1" classname="DemoTest" time="0.004"/>
  <testcase name="test_is_not_triangle_2" classname="DemoTest" time="0.0"/>
  <testcase name="test_is_not_triangle_3" classname="DemoTest" time="0.0"/>
  <testcase name="test_is_not_triangle_4" classname="DemoTest" time="0.0"/>
  <testcase name="test_is_not_triangle_5" classname="DemoTest" time="0.001"/>
  <testcase name="test_is_not_triangle_6" classname="DemoTest" time="0.001"/>
  <testcase name="test_is_not_triangle_7" classname="DemoTest" time="0.001"/>
  <testcase name="test_is_triangle_1" classname="DemoTest" time="0.004"/>
  <testcase name="test_is_triangle_2" classname="DemoTest" time="0.002"/>
  <testcase name="test_is_triangle_3" classname="DemoTest" time="0.0"/>
  <testcase name="test_is_triangle_4" classname="DemoTest" time="0.0"/>
  <testcase name="test_is_triangle_5" classname="DemoTest" time="0.001"/>
  <system-out><![CDATA[]]></system-out>
  <system-err><![CDATA[]]></system-err>
</testsuite>
